C51 COMPILER V9.01   DELAY                                                                 10/24/2018 11:33:11 PAGE 1   


C51 COMPILER V9.01, COMPILATION OF MODULE DELAY
OBJECT MODULE PLACED IN delay.OBJ
COMPILER INVOKED BY: C:\Program Files (x86)\Keil\C51\BIN\C51.EXE delay.c BROWSE DEBUG OBJECTEXTEND

line level    source

   1          /*****************************************
   2           *               延时函数
   3          *****************************************/
   4          
   5          #include "Delay.h"
   6          
   7          /*********************************************************************************************
   8          函数名：12MHZ晶振延时1ms
   9          调  用：delay1ms（）
  10          参  数：无
  11          返回值：无
  12          **********************************************************************************************/
  13           void delay1ms()                //@12MHz
  14          {
  15   1              unsigned int i,j;
  16   1          for(j=1;j>0;j--)
  17   1          for(i=112;i>0;i--);
  18   1      }
  19          
  20          /*********************************************************************************************
  21          函数名：12MHZ晶振延时s ms
  22          调  用：delay_ms（s）
  23          参  数：s  // 延时s ms
  24          返回值：无
  25          **********************************************************************************************/
  26          void delay_ms(unsigned short s)
  27          {
  28   1              while(s--)
  29   1              {
  30   2                      delay1ms();
  31   2              }
  32   1      }
  33          
  34          /*********************************************************************************************
  35          函数名：12MHZ晶振延时10 us
  36          调  用：delay10us（）
  37          参  数：无
  38          返回值：无
  39          **********************************************************************************************/
  40          void delay10us()
  41          {
  42   1              _nop_();_nop_();
  43   1              _nop_();_nop_();
  44   1              _nop_();_nop_();
  45   1      }
  46          
  47          /*********************************************************************************************
  48          函数名：12MHZ晶振延时40us
  49          调  用：delay40us（）
  50          参  数：无
  51          返回值：无
  52          **********************************************************************************************/
  53          void delay40us()
  54          {
  55   1               _nop_();_nop_();
C51 COMPILER V9.01   DELAY                                                                 10/24/2018 11:33:11 PAGE 2   

  56   1              _nop_();_nop_();
  57   1              _nop_();_nop_();
  58   1              _nop_();_nop_();
  59   1              _nop_();_nop_();
  60   1              _nop_();_nop_();
  61   1              _nop_();_nop_();
  62   1              _nop_();_nop_();
  63   1              _nop_();_nop_();
  64   1              _nop_();_nop_();
  65   1              _nop_();_nop_();
  66   1      }
  67                  


MODULE INFORMATION:   STATIC OVERLAYABLE
   CODE SIZE        =     77    ----
   CONSTANT SIZE    =   ----    ----
   XDATA SIZE       =   ----    ----
   PDATA SIZE       =   ----    ----
   DATA SIZE        =   ----    ----
   IDATA SIZE       =   ----    ----
   BIT SIZE         =   ----    ----
END OF MODULE INFORMATION.


C51 COMPILATION COMPLETE.  0 WARNING(S),  0 ERROR(S)
