C51 COMPILER V9.01   DHT11                                                                 10/24/2018 11:33:11 PAGE 1   


C51 COMPILER V9.01, COMPILATION OF MODULE DHT11
OBJECT MODULE PLACED IN dht11.OBJ
COMPILER INVOKED BY: C:\Program Files (x86)\Keil\C51\BIN\C51.EXE dht11.c BROWSE DEBUG OBJECTEXTEND

line level    source

   1          /****
   2                        温湿度模块
   3           *************************************/
   4          
   5          
   6          #include "dht11.h"
   7          #include "delay.h"
   8          #include "lcd.h"
   9          
  10          
  11          unsigned char U8T_data_H_temp,U8T_data_L_temp,U8RH_data_H_temp,U8RH_data_L_temp,U8checkdata_temp,U8temp;
  12          unsigned char U8T_data_H,U8T_data_L,U8RH_data_H,U8RH_data_L,U8checkdata;
  13          
  14          
  15          /*********************************************************************************************
  16          函数名：DHT11初始化函数
  17          调  用：DHT11_Rst(）
  18          参  数：无
  19          返回值：无
  20          **********************************************************************************************/
  21          void DHT11_Rst(void)       
  22          {                 
  23   1          DHTDAT=0;                            //主机发起始信号
  24   1          delay_ms(25);       //主机拉低总线至少18ms
  25   1          DHTDAT=1;                           //主机拉高总线20~40us
  26   1              delay10us();     //主机拉高20~40us
  27   1              delay10us();
  28   1              delay10us();
  29   1      }                                                                                       
  30          
  31          /*********************************************************************************************
  32          函数名：DHT11响应检验函数
  33          调  用：DHT11_Check(）
  34          参  数：无
  35          返回值：1未检测到DHT11的存在；0检测到DHT11的存在
  36          **********************************************************************************************/
  37          unsigned char DHT11_Check(void)            
  38          {   
  39   1              unsigned char retry=0; 
  40   1        while (DHTDAT&&retry<100)//DHT11会拉低40~80us
  41   1              {
  42   2                      retry++;
  43   2                      delay1us();
  44   2              } 
  45   1              if(retry>=80)return 1;
  46   1              else retry=0;
  47   1        while (!DHTDAT&&retry<100)    //DHT11拉低后会再次拉高40~80us
  48   1              {
  49   2                      retry++;
  50   2                      delay1us();
  51   2              }
  52   1              if(retry>=80)return 1;      
  53   1              return 0;
  54   1      }
  55          
C51 COMPILER V9.01   DHT11                                                                 10/24/2018 11:33:11 PAGE 2   

  56          /*********************************************************************************************
  57          函数名：DHT11位读取函数
  58          调  用：DHT11_Read_Bit(）；
  59          参  数：无
  60          返回值：1，0
  61          **********************************************************************************************/
  62          unsigned char DHT11_Read_Bit(void)                       
  63          {
  64   1              unsigned char retry=0;
  65   1              while(DHTDAT&&retry<100)                //等待变为低电平
  66   1              {
  67   2                      retry++;
  68   2                      delay1us();
  69   2              }
  70   1              retry=0;
  71   1              while(!DHTDAT&&retry<100)               //等待变高电平
  72   1              {
  73   2                      retry++;
  74   2                      delay1us();
  75   2              }
  76   1              delay40us();                                                            //等待40us(必须精确)
  77   1              if(DHTDAT)return 1;
  78   1              else return 0;             
  79   1      }
  80          
  81          /*********************************************************************************************
  82          函数名：DHT11字节（8位）读取函数
  83          调  用：DHT11_Read_Bit(）；
  84          参  数：无
  85          返回值：1，0
  86          **********************************************************************************************/
  87          unsigned char DHT11_Read_Byte(void)    
  88          {        
  89   1          unsigned char i,dat;
  90   1          dat=0;
  91   1              for (i=0;i<8;i++) 
  92   1              {
  93   2                      dat<<=1; 
  94   2                  dat|=DHT11_Read_Bit();
  95   2          }                                               
  96   1          return dat;
  97   1      }
  98          
  99          /*********************************************************************************************
 100          函数名：DHT11数据读取函数
 101          调  用：DHT11_Read_Data；
 102          参  数：temp:温度值(范围:0~50°)
 103                                          humi:湿度值(范围:20%~90%)
 104          返回值：1，2读取失败，0数据正常
 105          **********************************************************************************************/
 106          
 107          unsigned char DHT11_Read_Data()    
 108          {        
 109   1      //      unsigned char buf[5];
 110   1      //      unsigned char i;
 111   1              DHT11_Rst();
 112   1              if(DHT11_Check()==0)
 113   1              {
 114   2                      U8RH_data_H_temp=DHT11_Read_Byte();                                     //读取40位数据
 115   2                      U8RH_data_L_temp=DHT11_Read_Byte();
 116   2                      U8T_data_H_temp=DHT11_Read_Byte();
 117   2                      U8T_data_L_temp=DHT11_Read_Byte();
C51 COMPILER V9.01   DHT11                                                                 10/24/2018 11:33:11 PAGE 3   

 118   2                      U8checkdata_temp=DHT11_Read_Byte();
 119   2                      DHTDAT = 1;
 120   2                      //数据效验
 121   2                      U8temp=(U8T_data_H_temp+U8T_data_L_temp+U8RH_data_H_temp+U8RH_data_L_temp);
 122   2                      if(U8temp==U8checkdata_temp)
 123   2                      {
 124   3                      U8RH_data_H=U8RH_data_H_temp;
 125   3                      U8RH_data_L=U8RH_data_L_temp;
 126   3                      U8T_data_H=U8T_data_H_temp;
 127   3                      U8T_data_L=U8T_data_L_temp;
 128   3                      U8checkdata=U8checkdata_temp;
 129   3                      } else return 1;
 130   2              } 
 131   1              else return 2;  
 132   1              return 0; 
 133   1      } 
 134          
 135          /*********************************************************************************************
 136          函数名：初始化DHT11的IO口 DATA 同时检测DHT11的存在
 137          调  用：DHT11_Init；
 138          参  数：
 139          返回值：1不存在，0存在
 140          **********************************************************************************************/  
 141          unsigned char DHT11_Init(void)
 142          {  
 143   1               DHTDAT=1;
 144   1               DHT11_Rst();
 145   1               return DHT11_Check();
 146   1      }
 147          
 148          /**************************************************************************************************
 149          函数命：LCD显示函数，第一行7~12显示温度，第二行7~12行显示湿度
 150          调  用：lcdout();
 151          参  数：无
 152          返回值：无
 153          *******************************************************************************************************/
 154          unsigned char lcdout()
 155          {
 156   1              DHT11_Read_Data();
 157   1               LcdSetCursor(2,0);
 158   1                Lcd1602_Write_Data('0'+(U8T_data_H/10)%10);
 159   1                 Lcd1602_Write_Data('0'+U8T_data_H%10);
 160   1                  Lcd1602_Write_Data('.');
 161   1                   Lcd1602_Write_Data('0'+U8T_data_L%10);
 162   1                    Lcd1602_Write_Data('C');
 163   1               LcdSetCursor(11,0);
 164   1                Lcd1602_Write_Data('0'+(U8RH_data_H/10)%10);
 165   1                 Lcd1602_Write_Data('0'+U8RH_data_H%10);
 166   1                  Lcd1602_Write_Data('.');
 167   1                   Lcd1602_Write_Data('0'+U8RH_data_L%10);
 168   1                    Lcd1602_Write_Data('%');
 169   1              if((U8T_data_H > 50)||(U8RH_data_H > 90))
 170   1                      return 0;
 171   1              return 1;
 172   1      }


MODULE INFORMATION:   STATIC OVERLAYABLE
   CODE SIZE        =    378    ----
   CONSTANT SIZE    =   ----    ----
   XDATA SIZE       =   ----    ----
   PDATA SIZE       =   ----    ----
C51 COMPILER V9.01   DHT11                                                                 10/24/2018 11:33:11 PAGE 4   

   DATA SIZE        =     11       2
   IDATA SIZE       =   ----    ----
   BIT SIZE         =   ----    ----
END OF MODULE INFORMATION.


C51 COMPILATION COMPLETE.  0 WARNING(S),  0 ERROR(S)
