C51 COMPILER V9.01   LCD                                                                   10/24/2018 11:33:11 PAGE 1   


C51 COMPILER V9.01, COMPILATION OF MODULE LCD
OBJECT MODULE PLACED IN lcd.OBJ
COMPILER INVOKED BY: C:\Program Files (x86)\Keil\C51\BIN\C51.EXE lcd.c BROWSE DEBUG OBJECTEXTEND

line level    source

   1          #include"lcd.h"
   2          
   3          
   4          void Read_Busy()           //忙检测函数，判断bit7是0，允许执行；1禁止
   5          {
   6   1          unsigned char sta;      //
   7   1          LCD1602_DB = 0xff;
   8   1          LCD1602_RS = 0;
   9   1          LCD1602_RW = 1;
  10   1          do
  11   1          {
  12   2              LCD1602_EN = 1;
  13   2              sta = LCD1602_DB;
  14   2              LCD1602_EN = 0;    //使能，用完就拉低，释放总线
  15   2          }while(sta & 0x80);
  16   1      }
  17          
  18          void Lcd1602_Write_Cmd(unsigned char cmd)     //写命令
  19          {
  20   1          Read_Busy();
  21   1          LCD1602_RS = 0;
  22   1          LCD1602_RW = 0;
  23   1          LCD1602_DB = cmd;
  24   1          LCD1602_EN = 1;
  25   1          LCD1602_EN = 0;    
  26   1      }
  27          
  28          void Lcd1602_Write_Data(unsigned char dat)   //写数据
  29          {
  30   1            Read_Busy();
  31   1            LCD1602_RS = 1;
  32   1            LCD1602_RW = 0;
  33   1            LCD1602_DB = dat;
  34   1            LCD1602_EN = 1;
  35   1            LCD1602_EN = 0;
  36   1      }
  37          
  38          void LcdSetCursor(unsigned char x,unsigned char y)  //坐标显示
  39          {
  40   1          unsigned char addr;
  41   1          if(y == 0)                            //y= 0 第一行，否则第二行
  42   1              addr = 0x00 + x;
  43   1          else
  44   1              addr = 0x40 + x;
  45   1          
  46   1          Lcd1602_Write_Cmd(addr|0x80);
  47   1      }
  48          
  49          void LcdShowStr(unsigned char x,unsigned char y,unsigned char *str)     //显示字符串
  50          {
  51   1          LcdSetCursor(x,y);      //当前字符的坐标
  52   1          while(*str != '\0')
  53   1          {
  54   2              Lcd1602_Write_Data(*str++);
  55   2          }
C51 COMPILER V9.01   LCD                                                                   10/24/2018 11:33:11 PAGE 2   

  56   1      }
  57          
  58          void InitLcd1602()              //1602初始化
  59          {
  60   1          Lcd1602_Write_Cmd(0x38);    //打开，5*8,8位数据
  61   1          Lcd1602_Write_Cmd(0x0c);
  62   1          Lcd1602_Write_Cmd(0x06);
  63   1          Lcd1602_Write_Cmd(0x01);    //清屏   
  64   1      }


MODULE INFORMATION:   STATIC OVERLAYABLE
   CODE SIZE        =    128    ----
   CONSTANT SIZE    =   ----    ----
   XDATA SIZE       =   ----    ----
   PDATA SIZE       =   ----    ----
   DATA SIZE        =   ----       3
   IDATA SIZE       =   ----    ----
   BIT SIZE         =   ----    ----
END OF MODULE INFORMATION.


C51 COMPILATION COMPLETE.  0 WARNING(S),  0 ERROR(S)
