C51 COMPILER V9.55   DELAY                                                                 04/14/2018 23:26:32 PAGE 1   


C51 COMPILER V9.55, COMPILATION OF MODULE DELAY
OBJECT MODULE PLACED IN .\Objects\Delay.obj
COMPILER INVOKED BY: F:\Keil_v5\C51\BIN\C51.EXE Delay.c OPTIMIZE(8,SPEED) BROWSE INCDIR(..\Test-LED-BELL-TranLed) DEBUG 
                    -OBJECTEXTEND PRINT(.\Listings\Delay.lst) TABS(2) OBJECT(.\Objects\Delay.obj)

line level    source

   1          #include "Delay.h"
   2          
   3          void Delay1us()   //@11.0592MHz
   4          {
   5   1        _nop_();
   6   1        _nop_();
   7   1        _nop_();
   8   1      }
   9          
  10          void Delay1ms()   //@11.0592MHz
  11          {
  12   1        unsigned char i, j;
  13   1      
  14   1        _nop_();
  15   1        _nop_();
  16   1        _nop_();
  17   1        i = 11;
  18   1        j = 190;
  19   1        do
  20   1        {
  21   2          while (--j);
  22   2        } while (--i);
  23   1      }
  24          
  25          void delay_us(unsigned short s)
  26          {
  27   1        while(s--)
  28   1        {
  29   2          Delay1us();
  30   2        }
  31   1      }
  32          
  33          void delay_ms(unsigned short s)
  34          {
  35   1        while(s--)
  36   1        {
  37   2          Delay1ms();
  38   2        }
  39   1      }
  40          
  41          void Delay40us()    //@11.0592MHz
  42          {
  43   1        unsigned char i;
  44   1      
  45   1        i = 108;
  46   1        while (--i);
  47   1      }
  48          


MODULE INFORMATION:   STATIC OVERLAYABLE
   CODE SIZE        =     57    ----
   CONSTANT SIZE    =   ----    ----
   XDATA SIZE       =   ----    ----
C51 COMPILER V9.55   DELAY                                                                 04/14/2018 23:26:32 PAGE 2   

   PDATA SIZE       =   ----    ----
   DATA SIZE        =   ----    ----
   IDATA SIZE       =   ----    ----
   BIT SIZE         =   ----    ----
END OF MODULE INFORMATION.


C51 COMPILATION COMPLETE.  0 WARNING(S),  0 ERROR(S)
