C51 COMPILER V9.55   UART                                                                  04/14/2018 21:05:47 PAGE 1   


C51 COMPILER V9.55, COMPILATION OF MODULE UART
OBJECT MODULE PLACED IN .\Objects\uart.obj
COMPILER INVOKED BY: F:\Keil_v5\C51\BIN\C51.EXE uart.c OPTIMIZE(8,SPEED) BROWSE INCDIR(..\Test-LED-BELL-TranLed) DEBUG O
                    -BJECTEXTEND PRINT(.\Listings\uart.lst) TABS(2) OBJECT(.\Objects\uart.obj)

line level    source

   1          #include "uart.h"
   2          
   3          void Uart1Init(void)    //9600bps@11.0592MHz
   4          {
   5   1        SCON = 0x50;    //8位数据,可变波特率
   6   1        AUXR &= 0xBF;   //定时器1时钟为Fosc/12,即12T
   7   1        AUXR &= 0xFE;   //串口1选择定时器1为波特率发生器
   8   1        TMOD &= 0x0F;   //设定定时器1为16位自动重装方式
   9   1        TL1 = 0xE8;   //设定定时初值
  10   1        TH1 = 0xFF;   //设定定时初值
  11   1        ET1 = 0;    //禁止定时器1中断
  12   1        TR1 = 1;    //启动定时器1
  13   1        
  14   1        TI=1;//直接使用printf必须加入此句才能实现发送
  15   1      }


MODULE INFORMATION:   STATIC OVERLAYABLE
   CODE SIZE        =     25    ----
   CONSTANT SIZE    =   ----    ----
   XDATA SIZE       =   ----    ----
   PDATA SIZE       =   ----    ----
   DATA SIZE        =   ----    ----
   IDATA SIZE       =   ----    ----
   BIT SIZE         =   ----    ----
END OF MODULE INFORMATION.


C51 COMPILATION COMPLETE.  0 WARNING(S),  0 ERROR(S)
