C51 COMPILER V9.54   DHT11                                                                 05/04/2018 07:53:16 PAGE 1   


C51 COMPILER V9.54, COMPILATION OF MODULE DHT11
OBJECT MODULE PLACED IN .\Objects\dht11.obj
COMPILER INVOKED BY: C:\software\mdk5\C51\BIN\C51.EXE HARDWARE\DHT11\dht11.c OPTIMIZE(8,SPEED) BROWSE INCDIR(.\HARDWARE\
                    -1602;.\HARDWARE\DHT11;.\HARDWARE\DS1302;.\HARDWARE\TIMER) DEBUG OBJECTEXTEND PRINT(.\Listings\dht11.lst) OBJECT(.\Object
                    -s\dht11.obj)

line level    source

   1          #include <reg51.h>
   2          #include <intrins.h>
   3          #include "dht11.h"
   4          #include "1602.h"
   5          xdata int REAL_TEMP=25,REAL_RH=30;
   6          U8 U8FLAG,k;
   7          U8 U8count,U8temp;
   8          U8 U8T_data_H,U8T_data_L,U8RH_data_H,U8RH_data_L,U8checkdata;
   9          U8 U8T_data_H_temp,U8T_data_L_temp,U8RH_data_H_temp,U8RH_data_L_temp,U8checkdata_temp;
  10          U8 U8comdata;
  11          U8 count, count_r=0;
  12          U16 U16temp1,U16temp2;
  13          sbit DHT11_DATA = P0^1;//DATA
  14          void Delay_DHT11(U16 j)
  15          { 
  16   1              U8 i;
  17   1              for(;j>0;j--)
  18   1              {
  19   2              for(i=0;i<27;i++);
  20   2              }
  21   1      }
  22          
  23          void Delay_10us(void)
  24          {
  25   1              U8 i;
  26   1              i--;
  27   1              i--;
  28   1              i--;
  29   1              i--;
  30   1              i--;
  31   1              i--;
  32   1      }
  33          
  34          void COM(void)
  35          {
  36   1              U8 i;
  37   1              for(i=0;i<8;i++)
  38   1              {
  39   2                      U8FLAG=2;
  40   2                      //----------------------
  41   2      //              P2_1=0 ; //T
  42   2      //              P2_1=1 ; //T
  43   2                      //----------------------
  44   2                      while((!DHT11_DATA)&&U8FLAG++);
  45   2                      Delay_10us();
  46   2                      Delay_10us();
  47   2                      // Delay_10us();
  48   2                      U8temp=0;
  49   2                      if(DHT11_DATA)U8temp=1;
  50   2                      U8FLAG=2;
  51   2                      while((DHT11_DATA)&&U8FLAG++);
  52   2                      //----------------------
  53   2      //              P2_1=0 ; //T
C51 COMPILER V9.54   DHT11                                                                 05/04/2018 07:53:16 PAGE 2   

  54   2      //              P2_1=1 ; //T
  55   2                      //----------------------
  56   2                      //超时则跳出for循环
  57   2                      if(U8FLAG==1)break;
  58   2                      //判断数据位是0还是1
  59   2                      // 如果高电平高过预定0高电平值则数据位为 1
  60   2                      U8comdata<<=1;
  61   2                      U8comdata|=U8temp; //0
  62   2              }//rof
  63   1      }
  64          //------------ --------------------
  65          //-----湿度读取子程序 ------------
  66          //---------------------- ----------
  67          //----以下变量均为全局变量--------
  68          //----温度高8位== U8T_data_H------
  69          //----温度低8位== U8T_data_L------
  70          //----湿度高8位== U8RH_data_H-----
  71          //----湿度低8位== U8RH_data_L-----
  72          //----校验 8位 == U8checkdata-----
  73          //----调用相关子程序如下----------
  74          //---- Delay();, Delay_10us();COM();
  75          //--------------------- -----------
  76          void RH(void)
  77          {
  78   1              //主机拉低18ms
  79   1              DHT11_DATA=0;
  80   1              Delay_DHT11(180);
  81   1              DHT11_DATA=1;
  82   1              //总线由上拉电阻拉高 主机延时20us
  83   1              Delay_10us();
  84   1              Delay_10us();
  85   1              Delay_10us();
  86   1              Delay_10us();
  87   1              //主机设为输入 判断从机响应信号
  88   1              DHT11_DATA=1;
  89   1              //判断从机是否有低电平响应信号 如不响应则跳出，响应则向下运行
  90   1              if(!DHT11_DATA) //T !
  91   1              {
  92   2              U8FLAG=2;
  93   2              //判断从机是否发出 80us 的低电平响应信号是否结束
  94   2              while((!DHT11_DATA)&&U8FLAG++);
  95   2              U8FLAG=2;
  96   2              //判断从机是否发出 80us 的高电平，如发出则进入数据接收状态
  97   2              while((DHT11_DATA)&&U8FLAG++);
  98   2              //数据接收状态
  99   2              COM();
 100   2              U8RH_data_H_temp=U8comdata;
 101   2              COM();
 102   2              U8RH_data_L_temp=U8comdata;
 103   2              COM();
 104   2              U8T_data_H_temp=U8comdata;
 105   2              COM();
 106   2              U8T_data_L_temp=U8comdata;
 107   2              COM();
 108   2              U8checkdata_temp=U8comdata;
 109   2              DHT11_DATA=1;
 110   2              //数据校验
 111   2              U8temp=(U8T_data_H_temp+U8T_data_L_temp+U8RH_data_H_temp+U8RH_data_L_temp);
 112   2              if(U8temp==U8checkdata_temp)
 113   2              {
 114   3                      U8RH_data_H=U8RH_data_H_temp;
 115   3                      U8RH_data_L=U8RH_data_L_temp;
C51 COMPILER V9.54   DHT11                                                                 05/04/2018 07:53:16 PAGE 3   

 116   3                      U8T_data_H=U8T_data_H_temp;
 117   3                      U8T_data_L=U8T_data_L_temp;
 118   3                      U8checkdata=U8checkdata_temp;
 119   3              }//fi
 120   2              }//fi
 121   1      }
 122          //xdata int REAL_TEMP,REAL_RH;
 123          void Get_TEMP(void)
 124          {
 125   1              RH();
 126   1              REAL_TEMP=U8T_data_H;
 127   1              REAL_RH  =U8RH_data_H;
 128   1                      lcd_pos(40);
 129   1              lcd_wdat('T');lcd_wdat(':');
 130   1      lcd_wdat('0'+(U8T_data_H/10)%10);
 131   1              lcd_wdat('0'+U8T_data_H%10);
 132   1              lcd_wdat('.');
 133   1              lcd_wdat('0'+U8T_data_L%10);
 134   1              lcd_wdat('C');lcd_wdat(' ');
 135   1              lcd_wdat('R');lcd_wdat('H');lcd_wdat(':');
 136   1      
 137   1      lcd_wdat('0'+(U8RH_data_H/10)%10);
 138   1              lcd_wdat('0'+U8RH_data_H%10);
 139   1                      
 140   1              lcd_wdat('.');
 141   1              lcd_wdat('0'+U8RH_data_L%10);
 142   1              lcd_wdat('%');lcd_wdat(' ');
 143   1      
 144   1      
 145   1      }


MODULE INFORMATION:   STATIC OVERLAYABLE
   CODE SIZE        =    388    ----
   CONSTANT SIZE    =   ----    ----
   XDATA SIZE       =      4    ----
   PDATA SIZE       =   ----    ----
   DATA SIZE        =     21       1
   IDATA SIZE       =   ----    ----
   BIT SIZE         =   ----    ----
END OF MODULE INFORMATION.


C51 COMPILATION COMPLETE.  0 WARNING(S),  0 ERROR(S)
