C51 COMPILER V9.54   TIMER                                                                 05/04/2018 10:34:04 PAGE 1   


C51 COMPILER V9.54, COMPILATION OF MODULE TIMER
OBJECT MODULE PLACED IN .\Objects\TIMER.obj
COMPILER INVOKED BY: C:\software\mdk5\C51\BIN\C51.EXE HARDWARE\TIMER\TIMER.C OPTIMIZE(8,SPEED) BROWSE INCDIR(.\HARDWARE\
                    -1602;.\HARDWARE\DHT11;.\HARDWARE\DS1302;.\HARDWARE\TIMER) DEBUG OBJECTEXTEND PRINT(.\Listings\TIMER.lst) OBJECT(.\Object
                    -s\TIMER.obj)

line level    source

   1          #include "reg51.h"
   2          #include "timer.h"
   3          sbit BEEP=P0^0;
   4          sbit K1=P1^1;
   5          sbit K2=P1^0;
   6          sbit K3=P1^2;
   7          sbit K4=P1^3;
   8          sbit K5=P1^4;
   9          extern xdata int REAL_TEMP,REAL_RH;
  10          extern char work_mode;
  11          extern char SET_TIME_MODE,SET_TEMP_MODE,SET_RH_MODE;
  12          extern char KEY_SCAN(void);
  13          void TIMER_Init(void)
  14          {
  15   1          TMOD = 0x01;
  16   1          TH0 = 0x0D8;
  17   1          TL0 = 0x0F0;
  18   1          EA = 1;
  19   1          ET0 = 1;
  20   1          TR0 = 1;
  21   1      }
  22          extern xdata int SET_TEMP_H,SET_TEMP_L;//温度高低限制
  23          extern xdata int SET_RH_H,SET_RH_L;
  24          //xdata int REAL_TEMP,REAL_RH;
  25          void Timer0Interrupt(void) interrupt 1//0.1毫秒
  26          {
  27   1              static unsigned int t=0,first=0; 
  28   1          TH0 = 0x0D8;
  29   1          TL0 = 0x0F0;
  30   1              t++;
  31   1              if(t>=100)//10ms
  32   1              {
  33   2                      t=0;
  34   2                      if(work_mode==0)
  35   2                      {
  36   3                                              
  37   3                              if( REAL_TEMP*10<=SET_TEMP_H && REAL_TEMP*10>=SET_TEMP_L && REAL_RH<=SET_RH_H&& REAL_RH>=SET_RH_L)
  38   3                              BEEP=1;
  39   3                              else
  40   3                              BEEP=0;
  41   3                              if(first==0)
  42   3                              {LCD_1602_Init();first=1;}
*** WARNING C206 IN LINE 42 OF HARDWARE\TIMER\TIMER.C: 'LCD_1602_Init': missing function-prototype
  43   3                              Print_Time();
*** WARNING C206 IN LINE 43 OF HARDWARE\TIMER\TIMER.C: 'Print_Time': missing function-prototype
  44   3                              Get_TEMP();
*** WARNING C206 IN LINE 44 OF HARDWARE\TIMER\TIMER.C: 'Get_TEMP': missing function-prototype
  45   3                      }
  46   2                      else
  47   2                              first=0; 
  48   2                      
  49   2                      
  50   2      
C51 COMPILER V9.54   TIMER                                                                 05/04/2018 10:34:04 PAGE 2   

  51   2                      
  52   2                              
  53   2                              
  54   2              }
  55   1              if(KEY_SCAN!=0)//有按键按下
  56   1              {
  57   2                      if(K1==0){while(K1==0);work_mode=work_mode>=3? 0:work_mode+1;SET_TIME_MODE=1;SET_TEMP_MODE=1;SET_RH_MODE
             -=1;LCD_1602_Init();}
  58   2                      if(K5==0 && work_mode==1){while(K5==0);SET_TIME_MODE=SET_TIME_MODE>3? 0:SET_TIME_MODE+1;}
  59   2                      if(K5==0 && work_mode==2){while(K5==0);SET_TEMP_MODE=SET_TEMP_MODE>2? 0:SET_TEMP_MODE+1;}
  60   2                      if(K5==0 && work_mode==3){while(K5==0);SET_RH_MODE=SET_RH_MODE>2? 0:SET_RH_MODE+1;}
  61   2              }
  62   1      }


MODULE INFORMATION:   STATIC OVERLAYABLE
   CODE SIZE        =    383    ----
   CONSTANT SIZE    =   ----    ----
   XDATA SIZE       =   ----    ----
   PDATA SIZE       =   ----    ----
   DATA SIZE        =      4    ----
   IDATA SIZE       =   ----    ----
   BIT SIZE         =   ----    ----
END OF MODULE INFORMATION.


C51 COMPILATION COMPLETE.  3 WARNING(S),  0 ERROR(S)
